T_INFO : Hello! My 2-node cluster is running on the following nodes :
T_INFO : And here are the associated IP addressees for each node:
node-061
node-062
WARNING: Stopping all Apache Hadoop daemons as twagenhals in 10 seconds.
WARNING: Use CTRL-C to abort.
Stopping namenodes on [node-061]
Stopping datanodes
Stopping secondary namenodes [node-061]
Stopping nodemanagers
Stopping resourcemanager
T_INFO : executing 'rm -rf /tmp/hadoop-twagenhals on node-061'
T_INFO : executing 'mkdir /tmp/hadoop-twagenhals on node-061'
mkdir: cannot create directory '/tmp/hadoop-twagenhals': File exists
T_INFO : created directory /tmp/hadoop-twagenhals/
T_INFO : executing 'rm -rf /tmp/hadoop-twagenhals on node-062'
T_INFO : executing 'mkdir /tmp/hadoop-twagenhals on node-062'
mkdir: cannot create directory '/tmp/hadoop-twagenhals': File exists
T_INFO : created directory /tmp/hadoop-twagenhals/
2019-02-23 20:23:38,656 INFO namenode.NameNode: STARTUP_MSG:
/************************************************************
STARTUP_MSG: Starting NameNode
STARTUP_MSG:   host = node-061/10.2.0.55
STARTUP_MSG:   args = [-format, -force]
STARTUP_MSG:   version = 3.2.0
STARTUP_MSG:   classpath = /home/gridsan/twagenhals/hadoop/etc/hadoop:/home/gridsan/twagenhals/hadoop/share/hadoop/common/lib/kerb-client-1.0.1.jar:/home/gridsan/twagenhals/hadoop/share/hadoop/common/lib/kerb-core-1.0.1.jar:/home/gridsan/twagenhals/hadoop/share/hadoop/common/lib/jackson-jaxrs-1.9.13.jar:/home/gridsan/twagenhals/hadoop/share/hadoop/common/lib/jetty-webapp-9.3.24.v20180605.jar:/home/gridsan/twagenhals/hadoop/share/hadoop/common/lib/kerb-admin-1.0.1.jar:/home/gridsan/twagenhals/hadoop/share/hadoop/common/lib/httpclient-4.5.2.jar:/home/gridsan/twagenhals/hadoop/share/hadoop/common/lib/protobuf-java-2.5.0.jar:/home/gridsan/twagenhals/hadoop/share/hadoop/common/lib/paranamer-2.3.jar:/home/gridsan/twagenhals/hadoop/share/hadoop/common/lib/dnsjava-2.1.7.jar:/home/gridsan/twagenhals/hadoop/share/hadoop/common/lib/netty-3.10.5.Final.jar:/home/gridsan/twagenhals/hadoop/share/hadoop/common/lib/token-provider-1.0.1.jar:/home/gridsan/twagenhals/hadoop/share/hadoop/common/lib/jersey-servlet-1.19.jar:/home/gridsan/twagenhals/hadoop/share/hadoop/common/lib/woodstox-core-5.0.3.jar:/home/gridsan/twagenhals/hadoop/share/hadoop/common/lib/jetty-servlet-9.3.24.v20180605.jar:/home/gridsan/twagenhals/hadoop/share/hadoop/common/lib/jaxb-impl-2.2.3-1.jar:/home/gridsan/twagenhals/hadoop/share/hadoop/common/lib/metrics-core-3.2.4.jar:/home/gridsan/twagenhals/hadoop/share/hadoop/common/lib/jsr311-api-1.1.1.jar:/home/gridsan/twagenhals/hadoop/share/hadoop/common/lib/commons-math3-3.1.1.jar:/home/gridsan/twagenhals/hadoop/share/hadoop/common/lib/kerb-crypto-1.0.1.jar:/home/gridsan/twagenhals/hadoop/share/hadoop/common/lib/nimbus-jose-jwt-4.41.1.jar:/home/gridsan/twagenhals/hadoop/share/hadoop/common/lib/kerby-util-1.0.1.jar:/home/gridsan/twagenhals/hadoop/share/hadoop/common/lib/stax2-api-3.1.4.jar:/home/gridsan/twagenhals/hadoop/share/hadoop/common/lib/kerby-pkix-1.0.1.jar:/home/gridsan/twagenhals/hadoop/share/hadoop/common/lib/commons-cli-1.2.jar:/home/gridsan/twagenhals/hadoop/share/hadoop/common/lib/jetty-security-9.3.24.v20180605.jar:/home/gridsan/twagenhals/hadoop/share/hadoop/common/lib/snappy-java-1.0.5.jar:/home/gridsan/twagenhals/hadoop/share/hadoop/common/lib/jackson-mapper-asl-1.9.13.jar:/home/gridsan/twagenhals/hadoop/share/hadoop/common/lib/jaxb-api-2.2.11.jar:/home/gridsan/twagenhals/hadoop/share/hadoop/common/lib/jackson-core-2.9.5.jar:/home/gridsan/twagenhals/hadoop/share/hadoop/common/lib/commons-codec-1.11.jar:/home/gridsan/twagenhals/hadoop/share/hadoop/common/lib/javax.servlet-api-3.1.0.jar:/home/gridsan/twagenhals/hadoop/share/hadoop/common/lib/json-smart-2.3.jar:/home/gridsan/twagenhals/hadoop/share/hadoop/common/lib/commons-io-2.5.jar:/home/gridsan/twagenhals/hadoop/share/hadoop/common/lib/hadoop-annotations-3.2.0.jar:/home/gridsan/twagenhals/hadoop/share/hadoop/common/lib/jetty-io-9.3.24.v20180605.jar:/home/gridsan/twagenhals/hadoop/share/hadoop/common/lib/kerb-util-1.0.1.jar:/home/gridsan/twagenhals/hadoop/share/hadoop/common/lib/jersey-json-1.19.jar:/home/gridsan/twagenhals/hadoop/share/hadoop/common/lib/avro-1.7.7.jar:/home/gridsan/twagenhals/hadoop/share/hadoop/common/lib/curator-recipes-2.12.0.jar:/home/gridsan/twagenhals/hadoop/share/hadoop/common/lib/hadoop-auth-3.2.0.jar:/home/gridsan/twagenhals/hadoop/share/hadoop/common/lib/log4j-1.2.17.jar:/home/gridsan/twagenhals/hadoop/share/hadoop/common/lib/re2j-1.1.jar:/home/gridsan/twagenhals/hadoop/share/hadoop/common/lib/xz-1.0.jar:/home/gridsan/twagenhals/hadoop/share/hadoop/common/lib/jsch-0.1.54.jar:/home/gridsan/twagenhals/hadoop/share/hadoop/common/lib/jackson-databind-2.9.5.jar:/home/gridsan/twagenhals/hadoop/share/hadoop/common/lib/jul-to-slf4j-1.7.25.jar:/home/gridsan/twagenhals/hadoop/share/hadoop/common/lib/jersey-core-1.19.jar:/home/gridsan/twagenhals/hadoop/share/hadoop/common/lib/zookeeper-3.4.13.jar:/home/gridsan/twagenhals/hadoop/share/hadoop/common/lib/curator-client-2.12.0.jar:/home/gridsan/twagenhals/hadoop/share/hadoop/common/lib/commons-collections-3.2.2.jar:/home/gridsan/twagenhals/hadoop/share/hadoop/common/lib/commons-text-1.4.jar:/home/gridsan/twagenhals/hadoop/share/hadoop/common/lib/audience-annotations-0.5.0.jar:/home/gridsan/twagenhals/hadoop/share/hadoop/common/lib/jersey-server-1.19.jar:/home/gridsan/twagenhals/hadoop/share/hadoop/common/lib/jetty-server-9.3.24.v20180605.jar:/home/gridsan/twagenhals/hadoop/share/hadoop/common/lib/asm-5.0.4.jar:/home/gridsan/twagenhals/hadoop/share/hadoop/common/lib/accessors-smart-1.2.jar:/home/gridsan/twagenhals/hadoop/share/hadoop/common/lib/slf4j-log4j12-1.7.25.jar:/home/gridsan/twagenhals/hadoop/share/hadoop/common/lib/slf4j-api-1.7.25.jar:/home/gridsan/twagenhals/hadoop/share/hadoop/common/lib/jetty-http-9.3.24.v20180605.jar:/home/gridsan/twagenhals/hadoop/share/hadoop/common/lib/kerb-server-1.0.1.jar:/home/gridsan/twagenhals/hadoop/share/hadoop/common/lib/commons-lang3-3.7.jar:/home/gridsan/twagenhals/hadoop/share/hadoop/common/lib/jsp-api-2.1.jar:/home/gridsan/twagenhals/hadoop/share/hadoop/common/lib/curator-framework-2.12.0.jar:/home/gridsan/twagenhals/hadoop/share/hadoop/common/lib/commons-logging-1.1.3.jar:/home/gridsan/twagenhals/hadoop/share/hadoop/common/lib/kerb-common-1.0.1.jar:/home/gridsan/twagenhals/hadoop/share/hadoop/common/lib/kerby-asn1-1.0.1.jar:/home/gridsan/twagenhals/hadoop/share/hadoop/common/lib/jackson-core-asl-1.9.13.jar:/home/gridsan/twagenhals/hadoop/share/hadoop/common/lib/commons-configuration2-2.1.1.jar:/home/gridsan/twagenhals/hadoop/share/hadoop/common/lib/kerby-xdr-1.0.1.jar:/home/gridsan/twagenhals/hadoop/share/hadoop/common/lib/htrace-core4-4.1.0-incubating.jar:/home/gridsan/twagenhals/hadoop/share/hadoop/common/lib/jettison-1.1.jar:/home/gridsan/twagenhals/hadoop/share/hadoop/common/lib/jcip-annotations-1.0-1.jar:/home/gridsan/twagenhals/hadoop/share/hadoop/common/lib/jetty-xml-9.3.24.v20180605.jar:/home/gridsan/twagenhals/hadoop/share/hadoop/common/lib/gson-2.2.4.jar:/home/gridsan/twagenhals/hadoop/share/hadoop/common/lib/jetty-util-9.3.24.v20180605.jar:/home/gridsan/twagenhals/hadoop/share/hadoop/common/lib/commons-beanutils-1.9.3.jar:/home/gridsan/twagenhals/hadoop/share/hadoop/common/lib/kerb-simplekdc-1.0.1.jar:/home/gridsan/twagenhals/hadoop/share/hadoop/common/lib/httpcore-4.4.4.jar:/home/gridsan/twagenhals/hadoop/share/hadoop/common/lib/jackson-annotations-2.9.5.jar:/home/gridsan/twagenhals/hadoop/share/hadoop/common/lib/commons-compress-1.4.1.jar:/home/gridsan/twagenhals/hadoop/share/hadoop/common/lib/guava-11.0.2.jar:/home/gridsan/twagenhals/hadoop/share/hadoop/common/lib/jackson-xc-1.9.13.jar:/home/gridsan/twagenhals/hadoop/share/hadoop/common/lib/kerb-identity-1.0.1.jar:/home/gridsan/twagenhals/hadoop/share/hadoop/common/lib/kerby-config-1.0.1.jar:/home/gridsan/twagenhals/hadoop/share/hadoop/common/lib/jsr305-3.0.0.jar:/home/gridsan/twagenhals/hadoop/share/hadoop/common/lib/commons-net-3.6.jar:/home/gridsan/twagenhals/hadoop/share/hadoop/common/hadoop-kms-3.2.0.jar:/home/gridsan/twagenhals/hadoop/share/hadoop/common/hadoop-common-3.2.0-tests.jar:/home/gridsan/twagenhals/hadoop/share/hadoop/common/hadoop-common-3.2.0.jar:/home/gridsan/twagenhals/hadoop/share/hadoop/common/hadoop-nfs-3.2.0.jar:/home/gridsan/twagenhals/hadoop/share/hadoop/hdfs:/home/gridsan/twagenhals/hadoop/share/hadoop/hdfs/lib/kerb-client-1.0.1.jar:/home/gridsan/twagenhals/hadoop/share/hadoop/hdfs/lib/kerb-core-1.0.1.jar:/home/gridsan/twagenhals/hadoop/share/hadoop/hdfs/lib/jackson-jaxrs-1.9.13.jar:/home/gridsan/twagenhals/hadoop/share/hadoop/hdfs/lib/jetty-webapp-9.3.24.v20180605.jar:/home/gridsan/twagenhals/hadoop/share/hadoop/hdfs/lib/kerb-admin-1.0.1.jar:/home/gridsan/twagenhals/hadoop/share/hadoop/hdfs/lib/httpclient-4.5.2.jar:/home/gridsan/twagenhals/hadoop/share/hadoop/hdfs/lib/protobuf-java-2.5.0.jar:/home/gridsan/twagenhals/hadoop/share/hadoop/hdfs/lib/paranamer-2.3.jar:/home/gridsan/twagenhals/hadoop/share/hadoop/hdfs/lib/dnsjava-2.1.7.jar:/home/gridsan/twagenhals/hadoop/share/hadoop/hdfs/lib/netty-3.10.5.Final.jar:/home/gridsan/twagenhals/hadoop/share/hadoop/hdfs/lib/token-provider-1.0.1.jar:/home/gridsan/twagenhals/hadoop/share/hadoop/hdfs/lib/jersey-servlet-1.19.jar:/home/gridsan/twagenhals/hadoop/share/hadoop/hdfs/lib/woodstox-core-5.0.3.jar:/home/gridsan/twagenhals/hadoop/share/hadoop/hdfs/lib/jetty-servlet-9.3.24.v20180605.jar:/home/gridsan/twagenhals/hadoop/share/hadoop/hdfs/lib/jaxb-impl-2.2.3-1.jar:/home/gridsan/twagenhals/hadoop/share/hadoop/hdfs/lib/netty-all-4.0.52.Final.jar:/home/gridsan/twagenhals/hadoop/share/hadoop/hdfs/lib/jsr311-api-1.1.1.jar:/home/gridsan/twagenhals/hadoop/share/hadoop/hdfs/lib/commons-math3-3.1.1.jar:/home/gridsan/twagenhals/hadoop/share/hadoop/hdfs/lib/kerb-crypto-1.0.1.jar:/home/gridsan/twagenhals/hadoop/share/hadoop/hdfs/lib/nimbus-jose-jwt-4.41.1.jar:/home/gridsan/twagenhals/hadoop/share/hadoop/hdfs/lib/kerby-util-1.0.1.jar:/home/gridsan/twagenhals/hadoop/share/hadoop/hdfs/lib/stax2-api-3.1.4.jar:/home/gridsan/twagenhals/hadoop/share/hadoop/hdfs/lib/kerby-pkix-1.0.1.jar:/home/gridsan/twagenhals/hadoop/share/hadoop/hdfs/lib/commons-cli-1.2.jar:/home/gridsan/twagenhals/hadoop/share/hadoop/hdfs/lib/jetty-security-9.3.24.v20180605.jar:/home/gridsan/twagenhals/hadoop/share/hadoop/hdfs/lib/snappy-java-1.0.5.jar:/home/gridsan/twagenhals/hadoop/share/hadoop/hdfs/lib/jackson-mapper-asl-1.9.13.jar:/home/gridsan/twagenhals/hadoop/share/hadoop/hdfs/lib/jaxb-api-2.2.11.jar:/home/gridsan/twagenhals/hadoop/share/hadoop/hdfs/lib/jackson-core-2.9.5.jar:/home/gridsan/twagenhals/hadoop/share/hadoop/hdfs/lib/commons-codec-1.11.jar:/home/gridsan/twagenhals/hadoop/share/hadoop/hdfs/lib/javax.servlet-api-3.1.0.jar:/home/gridsan/twagenhals/hadoop/share/hadoop/hdfs/lib/json-smart-2.3.jar:/home/gridsan/twagenhals/hadoop/share/hadoop/hdfs/lib/commons-io-2.5.jar:/home/gridsan/twagenhals/hadoop/share/hadoop/hdfs/lib/hadoop-annotations-3.2.0.jar:/home/gridsan/twagenhals/hadoop/share/hadoop/hdfs/lib/jetty-io-9.3.24.v20180605.jar:/home/gridsan/twagenhals/hadoop/share/hadoop/hdfs/lib/kerb-util-1.0.1.jar:/home/gridsan/twagenhals/hadoop/share/hadoop/hdfs/lib/jersey-json-1.19.jar:/home/gridsan/twagenhals/hadoop/share/hadoop/hdfs/lib/avro-1.7.7.jar:/home/gridsan/twagenhals/hadoop/share/hadoop/hdfs/lib/curator-recipes-2.12.0.jar:/home/gridsan/twagenhals/hadoop/share/hadoop/hdfs/lib/hadoop-auth-3.2.0.jar:/home/gridsan/twagenhals/hadoop/share/hadoop/hdfs/lib/log4j-1.2.17.jar:/home/gridsan/twagenhals/hadoop/share/hadoop/hdfs/lib/re2j-1.1.jar:/home/gridsan/twagenhals/hadoop/share/hadoop/hdfs/lib/xz-1.0.jar:/home/gridsan/twagenhals/hadoop/share/hadoop/hdfs/lib/leveldbjni-all-1.8.jar:/home/gridsan/twagenhals/hadoop/share/hadoop/hdfs/lib/jsch-0.1.54.jar:/home/gridsan/twagenhals/hadoop/share/hadoop/hdfs/lib/jackson-databind-2.9.5.jar:/home/gridsan/twagenhals/hadoop/share/hadoop/hdfs/lib/jersey-core-1.19.jar:/home/gridsan/twagenhals/hadoop/share/hadoop/hdfs/lib/zookeeper-3.4.13.jar:/home/gridsan/twagenhals/hadoop/share/hadoop/hdfs/lib/curator-client-2.12.0.jar:/home/gridsan/twagenhals/hadoop/share/hadoop/hdfs/lib/commons-collections-3.2.2.jar:/home/gridsan/twagenhals/hadoop/share/hadoop/hdfs/lib/commons-text-1.4.jar:/home/gridsan/twagenhals/hadoop/share/hadoop/hdfs/lib/commons-daemon-1.0.13.jar:/home/gridsan/twagenhals/hadoop/share/hadoop/hdfs/lib/audience-annotations-0.5.0.jar:/home/gridsan/twagenhals/hadoop/share/hadoop/hdfs/lib/jersey-server-1.19.jar:/home/gridsan/twagenhals/hadoop/share/hadoop/hdfs/lib/jetty-server-9.3.24.v20180605.jar:/home/gridsan/twagenhals/hadoop/share/hadoop/hdfs/lib/asm-5.0.4.jar:/home/gridsan/twagenhals/hadoop/share/hadoop/hdfs/lib/accessors-smart-1.2.jar:/home/gridsan/twagenhals/hadoop/share/hadoop/hdfs/lib/jetty-http-9.3.24.v20180605.jar:/home/gridsan/twagenhals/hadoop/share/hadoop/hdfs/lib/kerb-server-1.0.1.jar:/home/gridsan/twagenhals/hadoop/share/hadoop/hdfs/lib/commons-lang3-3.7.jar:/home/gridsan/twagenhals/hadoop/share/hadoop/hdfs/lib/jetty-util-ajax-9.3.24.v20180605.jar:/home/gridsan/twagenhals/hadoop/share/hadoop/hdfs/lib/curator-framework-2.12.0.jar:/home/gridsan/twagenhals/hadoop/share/hadoop/hdfs/lib/okhttp-2.7.5.jar:/home/gridsan/twagenhals/hadoop/share/hadoop/hdfs/lib/commons-logging-1.1.3.jar:/home/gridsan/twagenhals/hadoop/share/hadoop/hdfs/lib/kerb-common-1.0.1.jar:/home/gridsan/twagenhals/hadoop/share/hadoop/hdfs/lib/kerby-asn1-1.0.1.jar:/home/gridsan/twagenhals/hadoop/share/hadoop/hdfs/lib/jackson-core-asl-1.9.13.jar:/home/gridsan/twagenhals/hadoop/share/hadoop/hdfs/lib/commons-configuration2-2.1.1.jar:/home/gridsan/twagenhals/hadoop/share/hadoop/hdfs/lib/kerby-xdr-1.0.1.jar:/home/gridsan/twagenhals/hadoop/share/hadoop/hdfs/lib/htrace-core4-4.1.0-incubating.jar:/home/gridsan/twagenhals/hadoop/share/hadoop/hdfs/lib/jettison-1.1.jar:/home/gridsan/twagenhals/hadoop/share/hadoop/hdfs/lib/jcip-annotations-1.0-1.jar:/home/gridsan/twagenhals/hadoop/share/hadoop/hdfs/lib/json-simple-1.1.1.jar:/home/gridsan/twagenhals/hadoop/share/hadoop/hdfs/lib/jetty-xml-9.3.24.v20180605.jar:/home/gridsan/twagenhals/hadoop/share/hadoop/hdfs/lib/gson-2.2.4.jar:/home/gridsan/twagenhals/hadoop/share/hadoop/hdfs/lib/jetty-util-9.3.24.v20180605.jar:/home/gridsan/twagenhals/hadoop/share/hadoop/hdfs/lib/okio-1.6.0.jar:/home/gridsan/twagenhals/hadoop/share/hadoop/hdfs/lib/commons-beanutils-1.9.3.jar:/home/gridsan/twagenhals/hadoop/share/hadoop/hdfs/lib/kerb-simplekdc-1.0.1.jar:/home/gridsan/twagenhals/hadoop/share/hadoop/hdfs/lib/httpcore-4.4.4.jar:/home/gridsan/twagenhals/hadoop/share/hadoop/hdfs/lib/jackson-annotations-2.9.5.jar:/home/gridsan/twagenhals/hadoop/share/hadoop/hdfs/lib/commons-compress-1.4.1.jar:/home/gridsan/twagenhals/hadoop/share/hadoop/hdfs/lib/guava-11.0.2.jar:/home/gridsan/twagenhals/hadoop/share/hadoop/hdfs/lib/jackson-xc-1.9.13.jar:/home/gridsan/twagenhals/hadoop/share/hadoop/hdfs/lib/kerb-identity-1.0.1.jar:/home/gridsan/twagenhals/hadoop/share/hadoop/hdfs/lib/kerby-config-1.0.1.jar:/home/gridsan/twagenhals/hadoop/share/hadoop/hdfs/lib/jsr305-3.0.0.jar:/home/gridsan/twagenhals/hadoop/share/hadoop/hdfs/lib/commons-net-3.6.jar:/home/gridsan/twagenhals/hadoop/share/hadoop/hdfs/hadoop-hdfs-rbf-3.2.0.jar:/home/gridsan/twagenhals/hadoop/share/hadoop/hdfs/hadoop-hdfs-3.2.0-tests.jar:/home/gridsan/twagenhals/hadoop/share/hadoop/hdfs/hadoop-hdfs-native-client-3.2.0-tests.jar:/home/gridsan/twagenhals/hadoop/share/hadoop/hdfs/hadoop-hdfs-rbf-3.2.0-tests.jar:/home/gridsan/twagenhals/hadoop/share/hadoop/hdfs/hadoop-hdfs-client-3.2.0-tests.jar:/home/gridsan/twagenhals/hadoop/share/hadoop/hdfs/hadoop-hdfs-native-client-3.2.0.jar:/home/gridsan/twagenhals/hadoop/share/hadoop/hdfs/hadoop-hdfs-3.2.0.jar:/home/gridsan/twagenhals/hadoop/share/hadoop/hdfs/hadoop-hdfs-client-3.2.0.jar:/home/gridsan/twagenhals/hadoop/share/hadoop/hdfs/hadoop-hdfs-httpfs-3.2.0.jar:/home/gridsan/twagenhals/hadoop/share/hadoop/hdfs/hadoop-hdfs-nfs-3.2.0.jar:/home/gridsan/twagenhals/hadoop/share/hadoop/mapreduce/lib/hamcrest-core-1.3.jar:/home/gridsan/twagenhals/hadoop/share/hadoop/mapreduce/lib/junit-4.11.jar:/home/gridsan/twagenhals/hadoop/share/hadoop/mapreduce/hadoop-mapreduce-client-hs-plugins-3.2.0.jar:/home/gridsan/twagenhals/hadoop/share/hadoop/mapreduce/hadoop-mapreduce-client-app-3.2.0.jar:/home/gridsan/twagenhals/hadoop/share/hadoop/mapreduce/hadoop-mapreduce-client-uploader-3.2.0.jar:/home/gridsan/twagenhals/hadoop/share/hadoop/mapreduce/hadoop-mapreduce-client-hs-3.2.0.jar:/home/gridsan/twagenhals/hadoop/share/hadoop/mapreduce/hadoop-mapreduce-client-jobclient-3.2.0.jar:/home/gridsan/twagenhals/hadoop/share/hadoop/mapreduce/hadoop-mapreduce-client-core-3.2.0.jar:/home/gridsan/twagenhals/hadoop/share/hadoop/mapreduce/hadoop-mapreduce-examples-3.2.0.jar:/home/gridsan/twagenhals/hadoop/share/hadoop/mapreduce/hadoop-mapreduce-client-nativetask-3.2.0.jar:/home/gridsan/twagenhals/hadoop/share/hadoop/mapreduce/hadoop-mapreduce-client-common-3.2.0.jar:/home/gridsan/twagenhals/hadoop/share/hadoop/mapreduce/hadoop-mapreduce-client-jobclient-3.2.0-tests.jar:/home/gridsan/twagenhals/hadoop/share/hadoop/mapreduce/hadoop-mapreduce-client-shuffle-3.2.0.jar:/home/gridsan/twagenhals/hadoop/share/hadoop/yarn:/home/gridsan/twagenhals/hadoop/share/hadoop/yarn/lib/snakeyaml-1.16.jar:/home/gridsan/twagenhals/hadoop/share/hadoop/yarn/lib/guice-servlet-4.0.jar:/home/gridsan/twagenhals/hadoop/share/hadoop/yarn/lib/guice-4.0.jar:/home/gridsan/twagenhals/hadoop/share/hadoop/yarn/lib/jackson-jaxrs-base-2.9.5.jar:/home/gridsan/twagenhals/hadoop/share/hadoop/yarn/lib/fst-2.50.jar:/home/gridsan/twagenhals/hadoop/share/hadoop/yarn/lib/objenesis-1.0.jar:/home/gridsan/twagenhals/hadoop/share/hadoop/yarn/lib/metrics-core-3.2.4.jar:/home/gridsan/twagenhals/hadoop/share/hadoop/yarn/lib/aopalliance-1.0.jar:/home/gridsan/twagenhals/hadoop/share/hadoop/yarn/lib/java-util-1.9.0.jar:/home/gridsan/twagenhals/hadoop/share/hadoop/yarn/lib/jersey-client-1.19.jar:/home/gridsan/twagenhals/hadoop/share/hadoop/yarn/lib/jackson-module-jaxb-annotations-2.9.5.jar:/home/gridsan/twagenhals/hadoop/share/hadoop/yarn/lib/HikariCP-java7-2.4.12.jar:/home/gridsan/twagenhals/hadoop/share/hadoop/yarn/lib/swagger-annotations-1.5.4.jar:/home/gridsan/twagenhals/hadoop/share/hadoop/yarn/lib/json-io-2.5.1.jar:/home/gridsan/twagenhals/hadoop/share/hadoop/yarn/lib/geronimo-jcache_1.0_spec-1.0-alpha-1.jar:/home/gridsan/twagenhals/hadoop/share/hadoop/yarn/lib/ehcache-3.3.1.jar:/home/gridsan/twagenhals/hadoop/share/hadoop/yarn/lib/jersey-guice-1.19.jar:/home/gridsan/twagenhals/hadoop/share/hadoop/yarn/lib/javax.inject-1.jar:/home/gridsan/twagenhals/hadoop/share/hadoop/yarn/lib/jackson-jaxrs-json-provider-2.9.5.jar:/home/gridsan/twagenhals/hadoop/share/hadoop/yarn/lib/mssql-jdbc-6.2.1.jre7.jar:/home/gridsan/twagenhals/hadoop/share/hadoop/yarn/hadoop-yarn-client-3.2.0.jar:/home/gridsan/twagenhals/hadoop/share/hadoop/yarn/hadoop-yarn-server-nodemanager-3.2.0.jar:/home/gridsan/twagenhals/hadoop/share/hadoop/yarn/hadoop-yarn-submarine-3.2.0.jar:/home/gridsan/twagenhals/hadoop/share/hadoop/yarn/hadoop-yarn-server-sharedcachemanager-3.2.0.jar:/home/gridsan/twagenhals/hadoop/share/hadoop/yarn/hadoop-yarn-api-3.2.0.jar:/home/gridsan/twagenhals/hadoop/share/hadoop/yarn/hadoop-yarn-services-api-3.2.0.jar:/home/gridsan/twagenhals/hadoop/share/hadoop/yarn/hadoop-yarn-server-router-3.2.0.jar:/home/gridsan/twagenhals/hadoop/share/hadoop/yarn/hadoop-yarn-server-web-proxy-3.2.0.jar:/home/gridsan/twagenhals/hadoop/share/hadoop/yarn/hadoop-yarn-server-resourcemanager-3.2.0.jar:/home/gridsan/twagenhals/hadoop/share/hadoop/yarn/hadoop-yarn-common-3.2.0.jar:/home/gridsan/twagenhals/hadoop/share/hadoop/yarn/hadoop-yarn-server-timeline-pluginstorage-3.2.0.jar:/home/gridsan/twagenhals/hadoop/share/hadoop/yarn/hadoop-yarn-applications-unmanaged-am-launcher-3.2.0.jar:/home/gridsan/twagenhals/hadoop/share/hadoop/yarn/hadoop-yarn-server-tests-3.2.0.jar:/home/gridsan/twagenhals/hadoop/share/hadoop/yarn/hadoop-yarn-server-applicationhistoryservice-3.2.0.jar:/home/gridsan/twagenhals/hadoop/share/hadoop/yarn/hadoop-yarn-applications-distributedshell-3.2.0.jar:/home/gridsan/twagenhals/hadoop/share/hadoop/yarn/hadoop-yarn-services-core-3.2.0.jar:/home/gridsan/twagenhals/hadoop/share/hadoop/yarn/hadoop-yarn-server-common-3.2.0.jar:/home/gridsan/twagenhals/hadoop/share/hadoop/yarn/hadoop-yarn-registry-3.2.0.jar
STARTUP_MSG:   build = https://github.com/apache/hadoop.git -r e97acb3bd8f3befd27418996fa5d4b50bf2e17bf; compiled by 'sunilg' on 2019-01-08T06:08Z
STARTUP_MSG:   java = 1.8.0_171
************************************************************/
2019-02-23 20:23:38,667 INFO namenode.NameNode: registered UNIX signal handlers for [TERM, HUP, INT]
2019-02-23 20:23:38,753 INFO namenode.NameNode: createNameNode [-format, -force]
Formatting using clusterid: CID-ff606030-78a5-46d0-823b-058bcfc872c2
2019-02-23 20:23:39,275 ERROR namenode.NameNode: Failed to start namenode.
java.lang.NullPointerException
        at java.io.File.<init>(File.java:277)
        at org.apache.hadoop.hdfs.server.namenode.NNStorage.setStorageDirectories(NNStorage.java:316)
        at org.apache.hadoop.hdfs.server.namenode.NNStorage.<init>(NNStorage.java:176)
        at org.apache.hadoop.hdfs.server.namenode.FSImage.<init>(FSImage.java:154)
        at org.apache.hadoop.hdfs.server.namenode.NameNode.format(NameNode.java:1138)
        at org.apache.hadoop.hdfs.server.namenode.NameNode.createNameNode(NameNode.java:1603)
        at org.apache.hadoop.hdfs.server.namenode.NameNode.main(NameNode.java:1713)
2019-02-23 20:23:39,280 INFO util.ExitUtil: Exiting with status 1: java.lang.NullPointerException
2019-02-23 20:23:39,284 INFO namenode.NameNode: SHUTDOWN_MSG:
/************************************************************
SHUTDOWN_MSG: Shutting down NameNode at node-061/10.2.0.55
************************************************************/
Starting namenodes on [node-061]
Starting datanodes
localhost: ERROR: Cannot set priority of datanode process 45752
Starting secondary namenodes [node-061]
Starting resourcemanager
Starting nodemanagers
report: No Route to Host from  node-061/10.2.0.55 to node-061:9000 failed on socket timeout exception: java.net.NoRouteToHostException: No route to host; For more details see:  http://wiki.apache.org/hadoop/NoRouteToHost
mkdir: No Route to Host from  node-061/10.2.0.55 to node-061:9000 failed on socket timeout exception: java.net.NoRouteToHostException: No route to host; For more details see:  http://wiki.apache.org/hadoop/NoRouteToHost
mkdir: No Route to Host from  node-061/10.2.0.55 to node-061:9000 failed on socket timeout exception: java.net.NoRouteToHostException: No route to host; For more details see:  http://wiki.apache.org/hadoop/NoRouteToHost
ls: No Route to Host from  node-061/10.2.0.55 to node-061:9000 failed on socket timeout exception: java.net.NoRouteToHostException: No route to host; For more details see:  http://wiki.apache.org/hadoop/NoRouteToHost
T_INFO : User directories created.
put: No Route to Host from  node-061/10.2.0.55 to node-061:9000 failed on socket timeout exception: java.net.NoRouteToHostException: No route to host; For more details see:  http://wiki.apache.org/hadoop/NoRouteToHost
T_INFO : Hadoop config directory copies to hdfs
2019-02-23 20:24:10,692 INFO client.RMProxy: Connecting to ResourceManager at /0.0.0.0:8032
java.net.NoRouteToHostException: No Route to Host from  node-061/10.2.0.55 to node-061:9000 failed on socket timeout exception: java.net.NoRouteToHostException: No route to host; For more details see:  http://wiki.apache.org/hadoop/NoRouteToHost
        at sun.reflect.NativeConstructorAccessorImpl.newInstance0(Native Method)
        at sun.reflect.NativeConstructorAccessorImpl.newInstance(NativeConstructorAccessorImpl.java:62)
        at sun.reflect.DelegatingConstructorAccessorImpl.newInstance(DelegatingConstructorAccessorImpl.java:45)
        at java.lang.reflect.Constructor.newInstance(Constructor.java:423)
        at org.apache.hadoop.net.NetUtils.wrapWithMessage(NetUtils.java:831)
        at org.apache.hadoop.net.NetUtils.wrapException(NetUtils.java:782)
        at org.apache.hadoop.ipc.Client.getRpcResponse(Client.java:1515)
        at org.apache.hadoop.ipc.Client.call(Client.java:1457)
        at org.apache.hadoop.ipc.Client.call(Client.java:1367)
        at org.apache.hadoop.ipc.ProtobufRpcEngine$Invoker.invoke(ProtobufRpcEngine.java:228)
        at org.apache.hadoop.ipc.ProtobufRpcEngine$Invoker.invoke(ProtobufRpcEngine.java:116)
        at com.sun.proxy.$Proxy9.delete(Unknown Source)
        at org.apache.hadoop.hdfs.protocolPB.ClientNamenodeProtocolTranslatorPB.delete(ClientNamenodeProtocolTranslatorPB.java:637)
        at sun.reflect.NativeMethodAccessorImpl.invoke0(Native Method)
        at sun.reflect.NativeMethodAccessorImpl.invoke(NativeMethodAccessorImpl.java:62)
        at sun.reflect.DelegatingMethodAccessorImpl.invoke(DelegatingMethodAccessorImpl.java:43)
        at java.lang.reflect.Method.invoke(Method.java:498)
        at org.apache.hadoop.io.retry.RetryInvocationHandler.invokeMethod(RetryInvocationHandler.java:422)
        at org.apache.hadoop.io.retry.RetryInvocationHandler$Call.invokeMethod(RetryInvocationHandler.java:165)
        at org.apache.hadoop.io.retry.RetryInvocationHandler$Call.invoke(RetryInvocationHandler.java:157)
        at org.apache.hadoop.io.retry.RetryInvocationHandler$Call.invokeOnce(RetryInvocationHandler.java:95)
        at org.apache.hadoop.io.retry.RetryInvocationHandler.invoke(RetryInvocationHandler.java:359)
        at com.sun.proxy.$Proxy10.delete(Unknown Source)
        at org.apache.hadoop.hdfs.DFSClient.delete(DFSClient.java:1606)
        at org.apache.hadoop.hdfs.DistributedFileSystem$19.doCall(DistributedFileSystem.java:952)
        at org.apache.hadoop.hdfs.DistributedFileSystem$19.doCall(DistributedFileSystem.java:949)
        at org.apache.hadoop.fs.FileSystemLinkResolver.resolve(FileSystemLinkResolver.java:81)
        at org.apache.hadoop.hdfs.DistributedFileSystem.delete(DistributedFileSystem.java:959)
        at org.apache.hadoop.examples.Grep.run(Grep.java:97)
        at org.apache.hadoop.util.ToolRunner.run(ToolRunner.java:76)
        at org.apache.hadoop.examples.Grep.main(Grep.java:103)
        at sun.reflect.NativeMethodAccessorImpl.invoke0(Native Method)
        at sun.reflect.NativeMethodAccessorImpl.invoke(NativeMethodAccessorImpl.java:62)
        at sun.reflect.DelegatingMethodAccessorImpl.invoke(DelegatingMethodAccessorImpl.java:43)
        at java.lang.reflect.Method.invoke(Method.java:498)
        at org.apache.hadoop.util.ProgramDriver$ProgramDescription.invoke(ProgramDriver.java:71)
        at org.apache.hadoop.util.ProgramDriver.run(ProgramDriver.java:144)
        at org.apache.hadoop.examples.ExampleDriver.main(ExampleDriver.java:74)
        at sun.reflect.NativeMethodAccessorImpl.invoke0(Native Method)
        at sun.reflect.NativeMethodAccessorImpl.invoke(NativeMethodAccessorImpl.java:62)
        at sun.reflect.DelegatingMethodAccessorImpl.invoke(DelegatingMethodAccessorImpl.java:43)
        at java.lang.reflect.Method.invoke(Method.java:498)
        at org.apache.hadoop.util.RunJar.run(RunJar.java:323)
        at org.apache.hadoop.util.RunJar.main(RunJar.java:236)
Caused by: java.net.NoRouteToHostException: No route to host
        at sun.nio.ch.SocketChannelImpl.checkConnect(Native Method)
        at sun.nio.ch.SocketChannelImpl.finishConnect(SocketChannelImpl.java:717)
        at org.apache.hadoop.net.SocketIOWithTimeout.connect(SocketIOWithTimeout.java:206)
        at org.apache.hadoop.net.NetUtils.connect(NetUtils.java:531)
        at org.apache.hadoop.ipc.Client$Connection.setupConnection(Client.java:690)
        at org.apache.hadoop.ipc.Client$Connection.setupIOstreams(Client.java:794)
        at org.apache.hadoop.ipc.Client$Connection.access$3700(Client.java:411)
        at org.apache.hadoop.ipc.Client.getConnection(Client.java:1572)
        at org.apache.hadoop.ipc.Client.call(Client.java:1403)
        ... 36 more
T_INFO : Mapreduce example executed
get: No Route to Host from  node-061/10.2.0.55 to node-061:9000 failed on socket timeout exception: java.net.NoRouteToHostException: No route to host; For more details see:  http://wiki.apache.org/hadoop/NoRouteToHost
T_INFO : Output copied from hdfs node to local machine
WARNING: Stopping all Apache Hadoop daemons as twagenhals in 10 seconds.
WARNING: Use CTRL-C to abort.
Stopping namenodes on [node-061]
Stopping datanodes
Stopping secondary namenodes [node-061]
Stopping nodemanagers
Stopping resourcemanager